# JRE version: OpenJDK Runtime Environment (21.0.1+12) (build 21.0.1+12-LTS)
# Java VM: OpenJDK 64-Bit Server VM (21.0.1+12-LTS, mixed mode, sharing, tiered, compressed oops, compressed class ptrs, g1 gc, windows-amd64)
GC Precious Log:
 CardTable entry size: 512
 Card Set container configuration: InlinePtr #cards 4 size 8 Array Of Cards #cards 16 size 48 Howl #buckets 8 coarsen threshold 3686 Howl Bitmap #cards 512 size 80 coarsen threshold 460 Card regions per heap region 1 cards per card region 4096
 CPUs: 8 total, 8 available
 Memory: 16262M
 Large Page Support: Disabled
 NUMA Support: Disabled
 Compressed Oops: Enabled (Zero based)
 Heap Region Size: 2M
 Heap Min Capacity: 8M
 Heap Initial Capacity: 256M
 Heap Max Capacity: 4066M
 Pre-touch: Disabled
 Parallel Workers: 8
 Concurrent Workers: 2
 Concurrent Refinement Workers: 8
 Periodic GC: Disabled
Heap:
 garbage-first heap   total 71680K, used 57920K [0x0000000701e00000, 0x0000000800000000)
  region size 2048K, 18 young (36864K), 2 survivors (4096K)
 Metaspace       used 22873K, committed 23296K, reserved 1114112K
  class space    used 2727K, committed 2944K, reserved 1048576K
GC Heap History (7 events):
Event: 1.163 GC heap before
{Heap before GC invocations=0 (full 0):
 garbage-first heap   total 262144K, used 20480K [0x0000000701e00000, 0x0000000800000000)
  region size 2048K, 11 young (22528K), 0 survivors (0K)
 Metaspace       used 3660K, committed 3840K, reserved 1114112K
  class space    used 375K, committed 448K, reserved 1048576K
}
Event: 1.168 GC heap after
{Heap after GC invocations=1 (full 0):
 garbage-first heap   total 262144K, used 2175K [0x0000000701e00000, 0x0000000800000000)
  region size 2048K, 2 young (4096K), 2 survivors (4096K)
 Metaspace       used 3660K, committed 3840K, reserved 1114112K
  class space    used 375K, committed 448K, reserved 1048576K
}
Event: 2.567 GC heap before
{Heap before GC invocations=1 (full 0):
 garbage-first heap   total 262144K, used 41087K [0x0000000701e00000, 0x0000000800000000)
  region size 2048K, 22 young (45056K), 2 survivors (4096K)
 Metaspace       used 12898K, committed 13248K, reserved 1114112K
  class space    used 1869K, committed 2048K, reserved 1048576K
}
Event: 2.575 GC heap after
{Heap after GC invocations=2 (full 0):
 garbage-first heap   total 262144K, used 6755K [0x0000000701e00000, 0x0000000800000000)
  region size 2048K, 3 young (6144K), 3 survivors (6144K)
 Metaspace       used 12898K, committed 13248K, reserved 1114112K
  class space    used 1869K, committed 2048K, reserved 1048576K
}
Event: 8.142 GC heap before
{Heap before GC invocations=2 (full 0):
 garbage-first heap   total 262144K, used 41571K [0x0000000701e00000, 0x0000000800000000)
  region size 2048K, 21 young (43008K), 3 survivors (6144K)
 Metaspace       used 21085K, committed 21504K, reserved 1114112K
  class space    used 2667K, committed 2880K, reserved 1048576K
}
Event: 8.149 GC heap after
{Heap after GC invocations=3 (full 0):
 garbage-first heap   total 262144K, used 12864K [0x0000000701e00000, 0x0000000800000000)
  region size 2048K, 5 young (10240K), 5 survivors (10240K)
 Metaspace       used 21085K, committed 21504K, reserved 1114112K
  class space    used 2667K, committed 2880K, reserved 1048576K
}
Event: 51.798 GC heap before
{Heap before GC invocations=4 (full 0):
 garbage-first heap   total 61440K, used 57920K [0x0000000701e00000, 0x0000000800000000)
  region size 2048K, 21 young (43008K), 5 survivors (10240K)
 Metaspace       used 22873K, committed 23296K, reserved 1114112K
  class space    used 2727K, committed 2944K, reserved 1048576K
}

